Determining if the pthread_create exist failed with the following output:
Change Dir: /home/yunzhu/Documents/physics_flex/PyFleX/bindings/cmake-build-debug/CMakeFiles/CMakeTmp

Run Build Command:"/usr/bin/make" "cmTC_abec2/fast"
/usr/bin/make -f CMakeFiles/cmTC_abec2.dir/build.make CMakeFiles/cmTC_abec2.dir/build
make[1]: Entering directory '/home/yunzhu/Documents/physics_flex/PyFleX/bindings/cmake-build-debug/CMakeFiles/CMakeTmp'
Building C object CMakeFiles/cmTC_abec2.dir/CheckSymbolExists.c.o
/usr/bin/cc   -fPIC    -o CMakeFiles/cmTC_abec2.dir/CheckSymbolExists.c.o   -c /home/yunzhu/Documents/physics_flex/PyFleX/bindings/cmake-build-debug/CMakeFiles/CMakeTmp/CheckSymbolExists.c
Linking C executable cmTC_abec2
/home/yunzhu/Documents/clion-2018.1.3/bin/cmake/bin/cmake -E cmake_link_script CMakeFiles/cmTC_abec2.dir/link.txt --verbose=1
/usr/bin/cc -fPIC     CMakeFiles/cmTC_abec2.dir/CheckSymbolExists.c.o  -o cmTC_abec2 
CMakeFiles/cmTC_abec2.dir/CheckSymbolExists.c.o: In function `main':
CheckSymbolExists.c:(.text+0x1b): undefined reference to `pthread_create'
collect2: error: ld returned 1 exit status
CMakeFiles/cmTC_abec2.dir/build.make:97: recipe for target 'cmTC_abec2' failed
make[1]: *** [cmTC_abec2] Error 1
make[1]: Leaving directory '/home/yunzhu/Documents/physics_flex/PyFleX/bindings/cmake-build-debug/CMakeFiles/CMakeTmp'
Makefile:126: recipe for target 'cmTC_abec2/fast' failed
make: *** [cmTC_abec2/fast] Error 2

File /home/yunzhu/Documents/physics_flex/PyFleX/bindings/cmake-build-debug/CMakeFiles/CMakeTmp/CheckSymbolExists.c:
/* */
#include <pthread.h>

int main(int argc, char** argv)
{
  (void)argv;
#ifndef pthread_create
  return ((int*)(&pthread_create))[argc];
#else
  (void)argc;
  return 0;
#endif
}

Determining if the function pthread_create exists in the pthreads failed with the following output:
Change Dir: /home/yunzhu/Documents/physics_flex/PyFleX/bindings/cmake-build-debug/CMakeFiles/CMakeTmp

Run Build Command:"/usr/bin/make" "cmTC_a5cfa/fast"
/usr/bin/make -f CMakeFiles/cmTC_a5cfa.dir/build.make CMakeFiles/cmTC_a5cfa.dir/build
make[1]: Entering directory '/home/yunzhu/Documents/physics_flex/PyFleX/bindings/cmake-build-debug/CMakeFiles/CMakeTmp'
Building C object CMakeFiles/cmTC_a5cfa.dir/CheckFunctionExists.c.o
/usr/bin/cc   -fPIC -DCHECK_FUNCTION_EXISTS=pthread_create   -o CMakeFiles/cmTC_a5cfa.dir/CheckFunctionExists.c.o   -c /home/yunzhu/Documents/clion-2018.1.3/bin/cmake/share/cmake-3.10/Modules/CheckFunctionExists.c
Linking C executable cmTC_a5cfa
/home/yunzhu/Documents/clion-2018.1.3/bin/cmake/bin/cmake -E cmake_link_script CMakeFiles/cmTC_a5cfa.dir/link.txt --verbose=1
/usr/bin/cc -fPIC -DCHECK_FUNCTION_EXISTS=pthread_create    CMakeFiles/cmTC_a5cfa.dir/CheckFunctionExists.c.o  -o cmTC_a5cfa -lpthreads 
/usr/bin/ld: cannot find -lpthreads
collect2: error: ld returned 1 exit status
CMakeFiles/cmTC_a5cfa.dir/build.make:97: recipe for target 'cmTC_a5cfa' failed
make[1]: *** [cmTC_a5cfa] Error 1
make[1]: Leaving directory '/home/yunzhu/Documents/physics_flex/PyFleX/bindings/cmake-build-debug/CMakeFiles/CMakeTmp'
Makefile:126: recipe for target 'cmTC_a5cfa/fast' failed
make: *** [cmTC_a5cfa/fast] Error 2


